<?xml version="1.0" encoding="UTF-8"?>
<testsuite name="ClienteCompraTest" tests="1" skipped="0" failures="0" errors="0" timestamp="2022-05-26T13:02:59" hostname="MAYARA-BISPO" time="0.029">
  <properties/>
  <testcase name="removeProdTest()" classname="ClienteCompraTest" time="0.029"/>
  <system-out><![CDATA[Produto adicionado a lista com sucesso!
Produto adicionado a lista com sucesso!
Produto adicionado a lista com sucesso!
Produto removido da lista com sucesso!
]]></system-out>
  <system-err><![CDATA[]]></system-err>
</testsuite>
